app/build/intermediates/manifest_merge_blame_file/debug/processDebugMainManifest/manifest-merger-blame-debug-report.txt
1<?xml version="1.0" encoding="utf-8"?>
2<manifest xmlns:android="http://schemas.android.com/apk/res/android"
3    package="com.unsa.alerta360"
4    android:versionCode="1"
5    android:versionName="1.0" >
6
7    <uses-sdk
8        android:minSdkVersion="35"
9        android:targetSdkVersion="35" />
10
11    <uses-permission android:name="android.permission.INTERNET" />
11-->[com.google.firebase:firebase-crashlytics:19.4.3] AndroidManifest.xml:7:5-67
11-->[com.google.firebase:firebase-crashlytics:19.4.3] AndroidManifest.xml:7:22-64
12    <uses-permission android:name="android.permission.ACCESS_NETWORK_STATE" />
12-->[com.google.firebase:firebase-installations:18.0.0] AndroidManifest.xml:7:5-79
12-->[com.google.firebase:firebase-installations:18.0.0] AndroidManifest.xml:7:22-76
13
14    <permission
14-->[androidx.core:core:1.16.0] AndroidManifest.xml:22:5-24:47
15        android:name="com.unsa.alerta360.DYNAMIC_RECEIVER_NOT_EXPORTED_PERMISSION"
15-->[androidx.core:core:1.16.0] AndroidManifest.xml:23:9-81
16        android:protectionLevel="signature" />
16-->[androidx.core:core:1.16.0] AndroidManifest.xml:24:9-44
17
18    <uses-permission android:name="com.unsa.alerta360.DYNAMIC_RECEIVER_NOT_EXPORTED_PERMISSION" />
18-->[androidx.core:core:1.16.0] AndroidManifest.xml:26:5-97
18-->[androidx.core:core:1.16.0] AndroidManifest.xml:26:22-94
19
20    <application
20-->src\main\AndroidManifest.xml:5:5-26:19
21        android:allowBackup="true"
21-->src\main\AndroidManifest.xml:6:9-35
22        android:appComponentFactory="androidx.core.app.CoreComponentFactory"
22-->[androidx.core:core:1.16.0] AndroidManifest.xml:28:18-86
23        android:dataExtractionRules="@xml/data_extraction_rules"
23-->src\main\AndroidManifest.xml:7:9-65
24        android:debuggable="true"
25        android:extractNativeLibs="false"
26        android:fullBackupContent="@xml/backup_rules"
26-->src\main\AndroidManifest.xml:8:9-54
27        android:icon="@mipmap/ic_launcher"
27-->src\main\AndroidManifest.xml:9:9-43
28        android:label="@string/app_name"
28-->src\main\AndroidManifest.xml:10:9-41
29        android:roundIcon="@mipmap/ic_launcher_round"
29-->src\main\AndroidManifest.xml:11:9-54
30        android:supportsRtl="true"
30-->src\main\AndroidManifest.xml:12:9-35
31        android:testOnly="true"
32        android:theme="@style/Theme.Alerta360" >
32-->src\main\AndroidManifest.xml:13:9-47
33        <activity
33-->src\main\AndroidManifest.xml:15:9-25:20
34            android:name="com.unsa.alerta360.MainActivity"
34-->src\main\AndroidManifest.xml:16:13-41
35            android:exported="true"
35-->src\main\AndroidManifest.xml:17:13-36
36            android:label="@string/app_name"
36-->src\main\AndroidManifest.xml:18:13-45
37            android:theme="@style/Theme.Alerta360" >
37-->src\main\AndroidManifest.xml:19:13-51
38            <intent-filter>
38-->src\main\AndroidManifest.xml:20:13-24:29
39                <action android:name="android.intent.action.MAIN" />
39-->src\main\AndroidManifest.xml:21:17-69
39-->src\main\AndroidManifest.xml:21:25-66
40
41                <category android:name="android.intent.category.LAUNCHER" />
41-->src\main\AndroidManifest.xml:23:17-77
41-->src\main\AndroidManifest.xml:23:27-74
42            </intent-filter>
43        </activity>
44        <activity
44-->[androidx.compose.ui:ui-tooling-android:1.8.1] AndroidManifest.xml:23:9-25:39
45            android:name="androidx.compose.ui.tooling.PreviewActivity"
45-->[androidx.compose.ui:ui-tooling-android:1.8.1] AndroidManifest.xml:24:13-71
46            android:exported="true" />
46-->[androidx.compose.ui:ui-tooling-android:1.8.1] AndroidManifest.xml:25:13-36
47        <activity
47-->[androidx.compose.ui:ui-test-manifest:1.8.1] AndroidManifest.xml:23:9-26:79
48            android:name="androidx.activity.ComponentActivity"
48-->[androidx.compose.ui:ui-test-manifest:1.8.1] AndroidManifest.xml:24:13-63
49            android:exported="true"
49-->[androidx.compose.ui:ui-test-manifest:1.8.1] AndroidManifest.xml:25:13-36
50            android:theme="@android:style/Theme.Material.Light.NoActionBar" />
50-->[androidx.compose.ui:ui-test-manifest:1.8.1] AndroidManifest.xml:26:13-76
51
52        <service
52-->[com.google.firebase:firebase-crashlytics:19.4.3] AndroidManifest.xml:12:9-21:19
53            android:name="com.google.firebase.components.ComponentDiscoveryService"
53-->[com.google.firebase:firebase-crashlytics:19.4.3] AndroidManifest.xml:13:13-84
54            android:directBootAware="true"
54-->[com.google.firebase:firebase-common:21.0.0] AndroidManifest.xml:32:13-43
55            android:exported="false" >
55-->[com.google.firebase:firebase-crashlytics:19.4.3] AndroidManifest.xml:14:13-37
56            <meta-data
56-->[com.google.firebase:firebase-crashlytics:19.4.3] AndroidManifest.xml:15:13-17:85
57                android:name="com.google.firebase.components:com.google.firebase.crashlytics.FirebaseCrashlyticsKtxRegistrar"
57-->[com.google.firebase:firebase-crashlytics:19.4.3] AndroidManifest.xml:16:17-126
58                android:value="com.google.firebase.components.ComponentRegistrar" />
58-->[com.google.firebase:firebase-crashlytics:19.4.3] AndroidManifest.xml:17:17-82
59            <meta-data
59-->[com.google.firebase:firebase-crashlytics:19.4.3] AndroidManifest.xml:18:13-20:85
60                android:name="com.google.firebase.components:com.google.firebase.crashlytics.CrashlyticsRegistrar"
60-->[com.google.firebase:firebase-crashlytics:19.4.3] AndroidManifest.xml:19:17-115
61                android:value="com.google.firebase.components.ComponentRegistrar" />
61-->[com.google.firebase:firebase-crashlytics:19.4.3] AndroidManifest.xml:20:17-82
62            <meta-data
62-->[com.google.firebase:firebase-sessions:2.1.1] AndroidManifest.xml:29:13-31:85
63                android:name="com.google.firebase.components:com.google.firebase.sessions.FirebaseSessionsRegistrar"
63-->[com.google.firebase:firebase-sessions:2.1.1] AndroidManifest.xml:30:17-117
64                android:value="com.google.firebase.components.ComponentRegistrar" />
64-->[com.google.firebase:firebase-sessions:2.1.1] AndroidManifest.xml:31:17-82
65            <meta-data
65-->[com.google.firebase:firebase-installations:18.0.0] AndroidManifest.xml:15:13-17:85
66                android:name="com.google.firebase.components:com.google.firebase.installations.FirebaseInstallationsKtxRegistrar"
66-->[com.google.firebase:firebase-installations:18.0.0] AndroidManifest.xml:16:17-130
67                android:value="com.google.firebase.components.ComponentRegistrar" />
67-->[com.google.firebase:firebase-installations:18.0.0] AndroidManifest.xml:17:17-82
68            <meta-data
68-->[com.google.firebase:firebase-installations:18.0.0] AndroidManifest.xml:18:13-20:85
69                android:name="com.google.firebase.components:com.google.firebase.installations.FirebaseInstallationsRegistrar"
69-->[com.google.firebase:firebase-installations:18.0.0] AndroidManifest.xml:19:17-127
70                android:value="com.google.firebase.components.ComponentRegistrar" />
70-->[com.google.firebase:firebase-installations:18.0.0] AndroidManifest.xml:20:17-82
71            <meta-data
71-->[com.google.firebase:firebase-common-ktx:21.0.0] AndroidManifest.xml:12:13-14:85
72                android:name="com.google.firebase.components:com.google.firebase.ktx.FirebaseCommonLegacyRegistrar"
72-->[com.google.firebase:firebase-common-ktx:21.0.0] AndroidManifest.xml:13:17-116
73                android:value="com.google.firebase.components.ComponentRegistrar" />
73-->[com.google.firebase:firebase-common-ktx:21.0.0] AndroidManifest.xml:14:17-82
74            <meta-data
74-->[com.google.firebase:firebase-common:21.0.0] AndroidManifest.xml:35:13-37:85
75                android:name="com.google.firebase.components:com.google.firebase.FirebaseCommonKtxRegistrar"
75-->[com.google.firebase:firebase-common:21.0.0] AndroidManifest.xml:36:17-109
76                android:value="com.google.firebase.components.ComponentRegistrar" />
76-->[com.google.firebase:firebase-common:21.0.0] AndroidManifest.xml:37:17-82
77            <meta-data
77-->[com.google.firebase:firebase-datatransport:19.0.0] AndroidManifest.xml:25:13-27:85
78                android:name="com.google.firebase.components:com.google.firebase.datatransport.TransportRegistrar"
78-->[com.google.firebase:firebase-datatransport:19.0.0] AndroidManifest.xml:26:17-115
79                android:value="com.google.firebase.components.ComponentRegistrar" />
79-->[com.google.firebase:firebase-datatransport:19.0.0] AndroidManifest.xml:27:17-82
80        </service>
81        <service
81-->[com.google.firebase:firebase-sessions:2.1.1] AndroidManifest.xml:22:9-25:40
82            android:name="com.google.firebase.sessions.SessionLifecycleService"
82-->[com.google.firebase:firebase-sessions:2.1.1] AndroidManifest.xml:23:13-80
83            android:enabled="true"
83-->[com.google.firebase:firebase-sessions:2.1.1] AndroidManifest.xml:24:13-35
84            android:exported="false" />
84-->[com.google.firebase:firebase-sessions:2.1.1] AndroidManifest.xml:25:13-37
85
86        <provider
86-->[com.google.firebase:firebase-common:21.0.0] AndroidManifest.xml:23:9-28:39
87            android:name="com.google.firebase.provider.FirebaseInitProvider"
87-->[com.google.firebase:firebase-common:21.0.0] AndroidManifest.xml:24:13-77
88            android:authorities="com.unsa.alerta360.firebaseinitprovider"
88-->[com.google.firebase:firebase-common:21.0.0] AndroidManifest.xml:25:13-72
89            android:directBootAware="true"
89-->[com.google.firebase:firebase-common:21.0.0] AndroidManifest.xml:26:13-43
90            android:exported="false"
90-->[com.google.firebase:firebase-common:21.0.0] AndroidManifest.xml:27:13-37
91            android:initOrder="100" />
91-->[com.google.firebase:firebase-common:21.0.0] AndroidManifest.xml:28:13-36
92        <provider
92-->[androidx.emoji2:emoji2:1.4.0] AndroidManifest.xml:24:9-32:20
93            android:name="androidx.startup.InitializationProvider"
93-->[androidx.emoji2:emoji2:1.4.0] AndroidManifest.xml:25:13-67
94            android:authorities="com.unsa.alerta360.androidx-startup"
94-->[androidx.emoji2:emoji2:1.4.0] AndroidManifest.xml:26:13-68
95            android:exported="false" >
95-->[androidx.emoji2:emoji2:1.4.0] AndroidManifest.xml:27:13-37
96            <meta-data
96-->[androidx.emoji2:emoji2:1.4.0] AndroidManifest.xml:29:13-31:52
97                android:name="androidx.emoji2.text.EmojiCompatInitializer"
97-->[androidx.emoji2:emoji2:1.4.0] AndroidManifest.xml:30:17-75
98                android:value="androidx.startup" />
98-->[androidx.emoji2:emoji2:1.4.0] AndroidManifest.xml:31:17-49
99            <meta-data
99-->[androidx.lifecycle:lifecycle-process:2.9.0] AndroidManifest.xml:29:13-31:52
100                android:name="androidx.lifecycle.ProcessLifecycleInitializer"
100-->[androidx.lifecycle:lifecycle-process:2.9.0] AndroidManifest.xml:30:17-78
101                android:value="androidx.startup" />
101-->[androidx.lifecycle:lifecycle-process:2.9.0] AndroidManifest.xml:31:17-49
102            <meta-data
102-->[androidx.profileinstaller:profileinstaller:1.4.0] AndroidManifest.xml:29:13-31:52
103                android:name="androidx.profileinstaller.ProfileInstallerInitializer"
103-->[androidx.profileinstaller:profileinstaller:1.4.0] AndroidManifest.xml:30:17-85
104                android:value="androidx.startup" />
104-->[androidx.profileinstaller:profileinstaller:1.4.0] AndroidManifest.xml:31:17-49
105        </provider>
106
107        <meta-data
107-->[com.google.android.gms:play-services-basement:18.3.0] AndroidManifest.xml:21:9-23:69
108            android:name="com.google.android.gms.version"
108-->[com.google.android.gms:play-services-basement:18.3.0] AndroidManifest.xml:22:13-58
109            android:value="@integer/google_play_services_version" />
109-->[com.google.android.gms:play-services-basement:18.3.0] AndroidManifest.xml:23:13-66
110
111        <service
111-->[com.google.android.datatransport:transport-backend-cct:3.3.0] AndroidManifest.xml:26:9-32:19
112            android:name="com.google.android.datatransport.runtime.backends.TransportBackendDiscovery"
112-->[com.google.android.datatransport:transport-backend-cct:3.3.0] AndroidManifest.xml:27:13-103
113            android:exported="false" >
113-->[com.google.android.datatransport:transport-backend-cct:3.3.0] AndroidManifest.xml:28:13-37
114            <meta-data
114-->[com.google.android.datatransport:transport-backend-cct:3.3.0] AndroidManifest.xml:29:13-31:39
115                android:name="backend:com.google.android.datatransport.cct.CctBackendFactory"
115-->[com.google.android.datatransport:transport-backend-cct:3.3.0] AndroidManifest.xml:30:17-94
116                android:value="cct" />
116-->[com.google.android.datatransport:transport-backend-cct:3.3.0] AndroidManifest.xml:31:17-36
117        </service>
118        <service
118-->[com.google.android.datatransport:transport-runtime:3.3.0] AndroidManifest.xml:24:9-28:19
119            android:name="com.google.android.datatransport.runtime.scheduling.jobscheduling.JobInfoSchedulerService"
119-->[com.google.android.datatransport:transport-runtime:3.3.0] AndroidManifest.xml:25:13-117
120            android:exported="false"
120-->[com.google.android.datatransport:transport-runtime:3.3.0] AndroidManifest.xml:26:13-37
121            android:permission="android.permission.BIND_JOB_SERVICE" >
121-->[com.google.android.datatransport:transport-runtime:3.3.0] AndroidManifest.xml:27:13-69
122        </service>
123
124        <receiver
124-->[com.google.android.datatransport:transport-runtime:3.3.0] AndroidManifest.xml:30:9-32:40
125            android:name="com.google.android.datatransport.runtime.scheduling.jobscheduling.AlarmManagerSchedulerBroadcastReceiver"
125-->[com.google.android.datatransport:transport-runtime:3.3.0] AndroidManifest.xml:31:13-132
126            android:exported="false" />
126-->[com.google.android.datatransport:transport-runtime:3.3.0] AndroidManifest.xml:32:13-37
127        <receiver
127-->[androidx.profileinstaller:profileinstaller:1.4.0] AndroidManifest.xml:34:9-52:20
128            android:name="androidx.profileinstaller.ProfileInstallReceiver"
128-->[androidx.profileinstaller:profileinstaller:1.4.0] AndroidManifest.xml:35:13-76
129            android:directBootAware="false"
129-->[androidx.profileinstaller:profileinstaller:1.4.0] AndroidManifest.xml:36:13-44
130            android:enabled="true"
130-->[androidx.profileinstaller:profileinstaller:1.4.0] AndroidManifest.xml:37:13-35
131            android:exported="true"
131-->[androidx.profileinstaller:profileinstaller:1.4.0] AndroidManifest.xml:38:13-36
132            android:permission="android.permission.DUMP" >
132-->[androidx.profileinstaller:profileinstaller:1.4.0] AndroidManifest.xml:39:13-57
133            <intent-filter>
133-->[androidx.profileinstaller:profileinstaller:1.4.0] AndroidManifest.xml:40:13-42:29
134                <action android:name="androidx.profileinstaller.action.INSTALL_PROFILE" />
134-->[androidx.profileinstaller:profileinstaller:1.4.0] AndroidManifest.xml:41:17-91
134-->[androidx.profileinstaller:profileinstaller:1.4.0] AndroidManifest.xml:41:25-88
135            </intent-filter>
136            <intent-filter>
136-->[androidx.profileinstaller:profileinstaller:1.4.0] AndroidManifest.xml:43:13-45:29
137                <action android:name="androidx.profileinstaller.action.SKIP_FILE" />
137-->[androidx.profileinstaller:profileinstaller:1.4.0] AndroidManifest.xml:44:17-85
137-->[androidx.profileinstaller:profileinstaller:1.4.0] AndroidManifest.xml:44:25-82
138            </intent-filter>
139            <intent-filter>
139-->[androidx.profileinstaller:profileinstaller:1.4.0] AndroidManifest.xml:46:13-48:29
140                <action android:name="androidx.profileinstaller.action.SAVE_PROFILE" />
140-->[androidx.profileinstaller:profileinstaller:1.4.0] AndroidManifest.xml:47:17-88
140-->[androidx.profileinstaller:profileinstaller:1.4.0] AndroidManifest.xml:47:25-85
141            </intent-filter>
142            <intent-filter>
142-->[androidx.profileinstaller:profileinstaller:1.4.0] AndroidManifest.xml:49:13-51:29
143                <action android:name="androidx.profileinstaller.action.BENCHMARK_OPERATION" />
143-->[androidx.profileinstaller:profileinstaller:1.4.0] AndroidManifest.xml:50:17-95
143-->[androidx.profileinstaller:profileinstaller:1.4.0] AndroidManifest.xml:50:25-92
144            </intent-filter>
145        </receiver>
146    </application>
147
148</manifest>